[21:33:10 [32minfo[39m]: Logger started
[21:35:05 [31merror[39m]: unhandledRejection: You can only bulk delete messages that are under 14 days old.
DiscordAPIError[50034]: You can only bulk delete messages that are under 14 days old.
    at SequentialHandler.runRequest (C:\Users\E7470\Documents\Mr. Rubio\node_modules\@discordjs\rest\dist\index.js:743:15)
    at processTicksAndRejections (node:internal/process/task_queues:96:5)
    at async SequentialHandler.queueRequest (C:\Users\E7470\Documents\Mr. Rubio\node_modules\@discordjs\rest\dist\index.js:549:14)
    at async REST.request (C:\Users\E7470\Documents\Mr. Rubio\node_modules\@discordjs\rest\dist\index.js:988:22)
    at async TextChannel.bulkDelete (C:\Users\E7470\Documents\Mr. Rubio\node_modules\discord.js\src\structures\interfaces\TextBasedChannel.js:310:7)
[21:35:43 [32minfo[39m]: Logger started
[21:36:21 [31merror[39m]: unhandledRejection: You can only bulk delete messages that are under 14 days old.
DiscordAPIError[50034]: You can only bulk delete messages that are under 14 days old.
    at SequentialHandler.runRequest (C:\Users\E7470\Documents\Mr. Rubio\node_modules\@discordjs\rest\dist\index.js:743:15)
    at processTicksAndRejections (node:internal/process/task_queues:96:5)
    at async SequentialHandler.queueRequest (C:\Users\E7470\Documents\Mr. Rubio\node_modules\@discordjs\rest\dist\index.js:549:14)
    at async REST.request (C:\Users\E7470\Documents\Mr. Rubio\node_modules\@discordjs\rest\dist\index.js:988:22)
    at async TextChannel.bulkDelete (C:\Users\E7470\Documents\Mr. Rubio\node_modules\discord.js\src\structures\interfaces\TextBasedChannel.js:310:7)
[21:37:52 [32minfo[39m]: Logger started
[21:38:30 [31merror[39m]: unhandledRejection: You can only bulk delete messages that are under 14 days old.
DiscordAPIError[50034]: You can only bulk delete messages that are under 14 days old.
    at SequentialHandler.runRequest (C:\Users\E7470\Documents\Mr. Rubio\node_modules\@discordjs\rest\dist\index.js:743:15)
    at processTicksAndRejections (node:internal/process/task_queues:96:5)
    at async SequentialHandler.queueRequest (C:\Users\E7470\Documents\Mr. Rubio\node_modules\@discordjs\rest\dist\index.js:549:14)
    at async REST.request (C:\Users\E7470\Documents\Mr. Rubio\node_modules\@discordjs\rest\dist\index.js:988:22)
    at async TextChannel.bulkDelete (C:\Users\E7470\Documents\Mr. Rubio\node_modules\discord.js\src\structures\interfaces\TextBasedChannel.js:310:7)
[21:44:01 [32minfo[39m]: Logger started
[21:44:21 [31merror[39m]: unhandledRejection: You can only bulk delete messages that are under 14 days old.
DiscordAPIError[50034]: You can only bulk delete messages that are under 14 days old.
    at SequentialHandler.runRequest (C:\Users\E7470\Documents\Mr. Rubio\node_modules\@discordjs\rest\dist\index.js:743:15)
    at processTicksAndRejections (node:internal/process/task_queues:96:5)
    at async SequentialHandler.queueRequest (C:\Users\E7470\Documents\Mr. Rubio\node_modules\@discordjs\rest\dist\index.js:549:14)
    at async REST.request (C:\Users\E7470\Documents\Mr. Rubio\node_modules\@discordjs\rest\dist\index.js:988:22)
    at async TextChannel.bulkDelete (C:\Users\E7470\Documents\Mr. Rubio\node_modules\discord.js\src\structures\interfaces\TextBasedChannel.js:310:7)
